  woina_i_mir.cpp
C:\Users\gmosk\Desktop\Repos\GB\SM_02\Homework_Moments_02_03\woina_i_mir.cpp(9,30): warning C4566: character represented by universal-character-name '\u0430' cannot be represented in the current code page (1252)
C:\Users\gmosk\Desktop\Repos\GB\SM_02\Homework_Moments_02_03\woina_i_mir.cpp(9,36): warning C4566: character represented by universal-character-name '\u0410' cannot be represented in the current code page (1252)
C:\Users\gmosk\Desktop\Repos\GB\SM_02\Homework_Moments_02_03\woina_i_mir.cpp(9,42): warning C4566: character represented by universal-character-name '\u0443' cannot be represented in the current code page (1252)
C:\Users\gmosk\Desktop\Repos\GB\SM_02\Homework_Moments_02_03\woina_i_mir.cpp(9,48): warning C4566: character represented by universal-character-name '\u0423' cannot be represented in the current code page (1252)
C:\Users\gmosk\Desktop\Repos\GB\SM_02\Homework_Moments_02_03\woina_i_mir.cpp(9,54): warning C4566: character represented by universal-character-name '\u043E' cannot be represented in the current code page (1252)
C:\Users\gmosk\Desktop\Repos\GB\SM_02\Homework_Moments_02_03\woina_i_mir.cpp(9,60): warning C4566: character represented by universal-character-name '\u041E' cannot be represented in the current code page (1252)
C:\Users\gmosk\Desktop\Repos\GB\SM_02\Homework_Moments_02_03\woina_i_mir.cpp(9,66): warning C4566: character represented by universal-character-name '\u044B' cannot be represented in the current code page (1252)
C:\Users\gmosk\Desktop\Repos\GB\SM_02\Homework_Moments_02_03\woina_i_mir.cpp(9,72): warning C4566: character represented by universal-character-name '\u042B' cannot be represented in the current code page (1252)
C:\Users\gmosk\Desktop\Repos\GB\SM_02\Homework_Moments_02_03\woina_i_mir.cpp(9,78): warning C4566: character represented by universal-character-name '\u0438' cannot be represented in the current code page (1252)
C:\Users\gmosk\Desktop\Repos\GB\SM_02\Homework_Moments_02_03\woina_i_mir.cpp(9,84): warning C4566: character represented by universal-character-name '\u0418' cannot be represented in the current code page (1252)
C:\Users\gmosk\Desktop\Repos\GB\SM_02\Homework_Moments_02_03\woina_i_mir.cpp(9,90): warning C4566: character represented by universal-character-name '\u044D' cannot be represented in the current code page (1252)
C:\Users\gmosk\Desktop\Repos\GB\SM_02\Homework_Moments_02_03\woina_i_mir.cpp(9,96): warning C4566: character represented by universal-character-name '\u042D' cannot be represented in the current code page (1252)
C:\Users\gmosk\Desktop\Repos\GB\SM_02\Homework_Moments_02_03\woina_i_mir.cpp(9,102): warning C4566: character represented by universal-character-name '\u044F' cannot be represented in the current code page (1252)
C:\Users\gmosk\Desktop\Repos\GB\SM_02\Homework_Moments_02_03\woina_i_mir.cpp(9,108): warning C4566: character represented by universal-character-name '\u042F' cannot be represented in the current code page (1252)
C:\Users\gmosk\Desktop\Repos\GB\SM_02\Homework_Moments_02_03\woina_i_mir.cpp(9,114): warning C4566: character represented by universal-character-name '\u044E' cannot be represented in the current code page (1252)
C:\Users\gmosk\Desktop\Repos\GB\SM_02\Homework_Moments_02_03\woina_i_mir.cpp(9,120): warning C4566: character represented by universal-character-name '\u042E' cannot be represented in the current code page (1252)
C:\Users\gmosk\Desktop\Repos\GB\SM_02\Homework_Moments_02_03\woina_i_mir.cpp(10,9): warning C4566: character represented by universal-character-name '\u0451' cannot be represented in the current code page (1252)
C:\Users\gmosk\Desktop\Repos\GB\SM_02\Homework_Moments_02_03\woina_i_mir.cpp(10,15): warning C4566: character represented by universal-character-name '\u0401' cannot be represented in the current code page (1252)
C:\Users\gmosk\Desktop\Repos\GB\SM_02\Homework_Moments_02_03\woina_i_mir.cpp(10,21): warning C4566: character represented by universal-character-name '\u0435' cannot be represented in the current code page (1252)
C:\Users\gmosk\Desktop\Repos\GB\SM_02\Homework_Moments_02_03\woina_i_mir.cpp(10,27): warning C4566: character represented by universal-character-name '\u0415' cannot be represented in the current code page (1252)
C:\Users\gmosk\Desktop\Repos\GB\SM_02\Homework_Moments_02_03\woina_i_mir.cpp(27,25): warning C4566: character represented by universal-character-name '\u0430' cannot be represented in the current code page (1252)
C:\Users\gmosk\Desktop\Repos\GB\SM_02\Homework_Moments_02_03\woina_i_mir.cpp(27,25): warning C4566: character represented by universal-character-name '\u0410' cannot be represented in the current code page (1252)
C:\Users\gmosk\Desktop\Repos\GB\SM_02\Homework_Moments_02_03\woina_i_mir.cpp(27,25): warning C4566: character represented by universal-character-name '\u0443' cannot be represented in the current code page (1252)
C:\Users\gmosk\Desktop\Repos\GB\SM_02\Homework_Moments_02_03\woina_i_mir.cpp(27,25): warning C4566: character represented by universal-character-name '\u0423' cannot be represented in the current code page (1252)
C:\Users\gmosk\Desktop\Repos\GB\SM_02\Homework_Moments_02_03\woina_i_mir.cpp(27,25): warning C4566: character represented by universal-character-name '\u043E' cannot be represented in the current code page (1252)
C:\Users\gmosk\Desktop\Repos\GB\SM_02\Homework_Moments_02_03\woina_i_mir.cpp(27,25): warning C4566: character represented by universal-character-name '\u041E' cannot be represented in the current code page (1252)
C:\Users\gmosk\Desktop\Repos\GB\SM_02\Homework_Moments_02_03\woina_i_mir.cpp(27,25): warning C4566: character represented by universal-character-name '\u044B' cannot be represented in the current code page (1252)
C:\Users\gmosk\Desktop\Repos\GB\SM_02\Homework_Moments_02_03\woina_i_mir.cpp(27,25): warning C4566: character represented by universal-character-name '\u042B' cannot be represented in the current code page (1252)
C:\Users\gmosk\Desktop\Repos\GB\SM_02\Homework_Moments_02_03\woina_i_mir.cpp(27,25): warning C4566: character represented by universal-character-name '\u0438' cannot be represented in the current code page (1252)
C:\Users\gmosk\Desktop\Repos\GB\SM_02\Homework_Moments_02_03\woina_i_mir.cpp(27,25): warning C4566: character represented by universal-character-name '\u0418' cannot be represented in the current code page (1252)
C:\Users\gmosk\Desktop\Repos\GB\SM_02\Homework_Moments_02_03\woina_i_mir.cpp(27,25): warning C4566: character represented by universal-character-name '\u044D' cannot be represented in the current code page (1252)
C:\Users\gmosk\Desktop\Repos\GB\SM_02\Homework_Moments_02_03\woina_i_mir.cpp(27,25): warning C4566: character represented by universal-character-name '\u042D' cannot be represented in the current code page (1252)
C:\Users\gmosk\Desktop\Repos\GB\SM_02\Homework_Moments_02_03\woina_i_mir.cpp(27,25): warning C4566: character represented by universal-character-name '\u044F' cannot be represented in the current code page (1252)
C:\Users\gmosk\Desktop\Repos\GB\SM_02\Homework_Moments_02_03\woina_i_mir.cpp(27,25): warning C4566: character represented by universal-character-name '\u042F' cannot be represented in the current code page (1252)
C:\Users\gmosk\Desktop\Repos\GB\SM_02\Homework_Moments_02_03\woina_i_mir.cpp(27,25): warning C4566: character represented by universal-character-name '\u044E' cannot be represented in the current code page (1252)
C:\Users\gmosk\Desktop\Repos\GB\SM_02\Homework_Moments_02_03\woina_i_mir.cpp(27,25): warning C4566: character represented by universal-character-name '\u042E' cannot be represented in the current code page (1252)
C:\Users\gmosk\Desktop\Repos\GB\SM_02\Homework_Moments_02_03\woina_i_mir.cpp(27,25): warning C4566: character represented by universal-character-name '\u0451' cannot be represented in the current code page (1252)
C:\Users\gmosk\Desktop\Repos\GB\SM_02\Homework_Moments_02_03\woina_i_mir.cpp(27,25): warning C4566: character represented by universal-character-name '\u0401' cannot be represented in the current code page (1252)
C:\Users\gmosk\Desktop\Repos\GB\SM_02\Homework_Moments_02_03\woina_i_mir.cpp(27,25): warning C4566: character represented by universal-character-name '\u0435' cannot be represented in the current code page (1252)
C:\Users\gmosk\Desktop\Repos\GB\SM_02\Homework_Moments_02_03\woina_i_mir.cpp(27,25): warning C4566: character represented by universal-character-name '\u0415' cannot be represented in the current code page (1252)
C:\Users\gmosk\Desktop\Repos\GB\SM_02\Homework_Moments_02_03\woina_i_mir.cpp(38,17): warning C4267: 'return': conversion from 'size_t' to 'int', possible loss of data
  Homework_Moments_02_03.vcxproj -> C:\Users\gmosk\Desktop\Repos\GB\SM_02\Homework_Moments_02\x64\Debug\Homework_Moments_02_03.exe
